2018-02-19 16:59:41,464 - root - DEBUG - show_manager : 36 - Starting main program show_manager.py
2018-02-19 16:59:41,469 - root - DEBUG - show_manager : 37 - 1
2018-02-19 16:59:41,469 - root - INFO - show_manager : 38 - 2
2018-02-19 16:59:41,469 - root - WARNING - show_manager : 39 - 3
2018-02-19 16:59:41,469 - root - ERROR - show_manager : 40 - 4
2018-02-19 16:59:41,469 - root - CRITICAL - show_manager : 41 - 5
2018-02-19 16:59:41,469 - root - INFO - dstore : 17 - Entering Database module
2018-02-19 16:59:41,477 - root - INFO - ui : 20 - Entering UI - User Interface module
2018-02-19 17:00:07,512 - root - INFO - ui : 20 - Entering UI - User Interface module
2018-02-19 17:00:08,824 - root - INFO - analysis : 16 - Entering Analysis module
2018-02-19 17:00:08,846 - root - INFO - ui : 20 - Entering UI - User Interface module
2018-02-19 17:00:13,159 - root - DEBUG - show_manager : 93 - Quiting Program Normally
2018-02-19 17:01:28,525 - root - DEBUG - show_manager : 36 - Starting main program show_manager.py
2018-02-19 17:01:28,525 - root - DEBUG - show_manager : 37 - 1
2018-02-19 17:01:28,526 - root - INFO - show_manager : 38 - 2
2018-02-19 17:01:28,526 - root - WARNING - show_manager : 39 - 3
2018-02-19 17:01:28,526 - root - ERROR - show_manager : 40 - 4
2018-02-19 17:01:28,526 - root - CRITICAL - show_manager : 41 - 5
2018-02-19 17:01:28,526 - root - INFO - dstore : 17 - Entering Database module
2018-02-19 17:01:28,530 - root - INFO - ui : 20 - Entering UI - User Interface module
2018-02-19 17:03:22,619 - root - DEBUG - show_manager : 36 - Starting main program show_manager.py
2018-02-19 17:03:22,619 - root - DEBUG - show_manager : 37 - 1
2018-02-19 17:03:22,619 - root - INFO - show_manager : 38 - 2
2018-02-19 17:03:22,619 - root - WARNING - show_manager : 39 - 3
2018-02-19 17:03:22,619 - root - ERROR - show_manager : 40 - 4
2018-02-19 17:03:22,619 - root - CRITICAL - show_manager : 41 - 5
2018-02-19 17:03:22,620 - root - INFO - dstore : 17 - Entering Database module
2018-02-19 17:03:22,625 - root - INFO - ui : 20 - Entering UI - User Interface module
2018-02-19 17:04:15,127 - root - INFO - analysis : 16 - Entering Analysis module
2018-02-19 17:04:15,150 - root - INFO - ui : 20 - Entering UI - User Interface module
2018-02-19 17:04:53,752 - root - DEBUG - show_manager : 93 - Quiting Program Normally
